#
# There is insufficient memory for the Java Runtime Environment to continue.
# Native memory allocation (malloc) failed to allocate 1486256 bytes. Error detail: Chunk::new
# Possible reasons:
#   The system is out of physical RAM or swap space
#   This process is running with CompressedOops enabled, and the Java Heap may be blocking the growth of the native heap
# Possible solutions:
#   Reduce memory load on the system
#   Increase physical memory or swap space
#   Check if swap backing store is full
#   Decrease Java heap size (-Xmx/-Xms)
#   Decrease number of Java threads
#   Decrease Java thread stack sizes (-Xss)
#   Set larger code cache with -XX:ReservedCodeCacheSize=
#   JVM is running with Unscaled Compressed Oops mode in which the Java heap is
#     placed in the first 4GB address space. The Java Heap base address is the
#     maximum limit for the native heap growth. Please use -XX:HeapBaseMinAddress
#     to set the Java Heap base and to place the Java Heap above 4GB virtual address.
# This output file may be truncated or incomplete.
#
#  Out of Memory Error (arena.cpp:168), pid=23820, tid=1712
#
# JRE version: OpenJDK Runtime Environment Temurin-21.0.9+10 (21.0.9+10) (build 21.0.9+10-LTS)
# Java VM: OpenJDK 64-Bit Server VM Temurin-21.0.9+10 (21.0.9+10-LTS, mixed mode, sharing, tiered, compressed oops, compressed class ptrs, parallel gc, windows-amd64)
# No core dump will be written. Minidumps are not enabled by default on client versions of Windows
#

---------------  S U M M A R Y ------------

Command Line: --add-modules=ALL-SYSTEM --add-opens=java.base/java.util=ALL-UNNAMED --add-opens=java.base/java.lang=ALL-UNNAMED --add-opens=java.base/sun.nio.fs=ALL-UNNAMED -Declipse.application=org.eclipse.jdt.ls.core.id1 -Dosgi.bundles.defaultStartLevel=4 -Declipse.product=org.eclipse.jdt.ls.core.product -Djava.import.generatesMetadataFilesAtProjectRoot=false -DDetectVMInstallationsJob.disabled=true -Dfile.encoding=utf8 -XX:+UseParallelGC -XX:GCTimeRatio=4 -XX:AdaptiveSizePolicyWeight=90 -Dsun.zip.disableMemoryMapping=true -Xmx2G -Xms100m -Xlog:disable -javaagent:c:\Users\sahus\.vscode\extensions\redhat.java-1.51.0-win32-x64\lombok\lombok-1.18.39-4050.jar c:\Users\sahus\.vscode\extensions\redhat.java-1.51.0-win32-x64\server\plugins\org.eclipse.equinox.launcher_1.7.100.v20251111-0406.jar -configuration c:\Users\sahus\AppData\Roaming\Code\User\globalStorage\redhat.java\1.51.0\config_ss_win -data c:\Users\sahus\AppData\Roaming\Code\User\workspaceStorage\53b74907799b5c5769282f4ad7593f11\redhat.java\ss_ws --pipe=\\.\pipe\lsp-d2d39449f71a960c1406d7be95eaedeb-sock

Host: AMD Ryzen 7 5800H with Radeon Graphics         , 16 cores, 15G,  Windows 11 , 64 bit Build 26100 (10.0.26100.7623)
Time: Thu Jan 29 16:12:51 2026 India Standard Time elapsed time: 10.109160 seconds (0d 0h 0m 10s)

---------------  T H R E A D  ---------------

Current thread (0x000001b7c6096b10):  JavaThread "C2 CompilerThread1" daemon [_thread_in_native, id=1712, stack(0x000000290b900000,0x000000290ba00000) (1024K)]


Current CompileTask:
C2:10109 2853       4       org.lombokweb.asm.ClassReader::readMethod (1070 bytes)

Stack: [0x000000290b900000,0x000000290ba00000]
Native frames: (J=compiled Java code, j=interpreted, Vv=VM code, C=native code)
V  [jvm.dll+0x6d6e29]
V  [jvm.dll+0x8b4b76]
V  [jvm.dll+0x8b712e]
V  [jvm.dll+0x8b7813]
V  [jvm.dll+0x283d86]
V  [jvm.dll+0xc66ed]
V  [jvm.dll+0xc6c31]
V  [jvm.dll+0x3be501]
V  [jvm.dll+0x38ab92]
V  [jvm.dll+0x389fda]
V  [jvm.dll+0x24bfa0]
V  [jvm.dll+0x24b580]
V  [jvm.dll+0x1cb13e]
V  [jvm.dll+0x25b29d]
V  [jvm.dll+0x25982a]
V  [jvm.dll+0x3f7ea6]
V  [jvm.dll+0x85e9ad]
V  [jvm.dll+0x6d565d]
C  [ucrtbase.dll+0x37b0]
C  [KERNEL32.DLL+0x2e8d7]
C  [ntdll.dll+0x8c53c]


---------------  P R O C E S S  ---------------

Threads class SMR info:
_java_thread_list=0x000001b7cd4fb480, length=22, elements={
0x000001b7ecc8dbe0, 0x000001b7ff73e4f0, 0x000001b7c5d26830, 0x000001b7c5d29380,
0x000001b7c5d2bde0, 0x000001b7c5d2de30, 0x000001b7c5d40f80, 0x000001b7c5d66760,
0x000001b7c5d71430, 0x000001b7c5df51d0, 0x000001b7c5d40260, 0x000001b7c5d408f0,
0x000001b7c5d41610, 0x000001b7c5d3eeb0, 0x000001b7c5d3e820, 0x000001b7c5d41ca0,
0x000001b7c6096b10, 0x000001b7c5d3f540, 0x000001b7c5d3fbd0, 0x000001b7c5fcb440,
0x000001b7c5fcbad0, 0x000001b7cc5597f0
}

Java Threads: ( => current thread )
  0x000001b7ecc8dbe0 JavaThread "main"                              [_thread_blocked, id=26376, stack(0x000000290a000000,0x000000290a100000) (1024K)]
  0x000001b7ff73e4f0 JavaThread "Reference Handler"          daemon [_thread_blocked, id=4164, stack(0x000000290a400000,0x000000290a500000) (1024K)]
  0x000001b7c5d26830 JavaThread "Finalizer"                  daemon [_thread_blocked, id=25732, stack(0x000000290a500000,0x000000290a600000) (1024K)]
  0x000001b7c5d29380 JavaThread "Signal Dispatcher"          daemon [_thread_blocked, id=24972, stack(0x000000290a600000,0x000000290a700000) (1024K)]
  0x000001b7c5d2bde0 JavaThread "Attach Listener"            daemon [_thread_blocked, id=24056, stack(0x000000290a700000,0x000000290a800000) (1024K)]
  0x000001b7c5d2de30 JavaThread "Service Thread"             daemon [_thread_blocked, id=26608, stack(0x000000290a800000,0x000000290a900000) (1024K)]
  0x000001b7c5d40f80 JavaThread "Monitor Deflation Thread"   daemon [_thread_blocked, id=25696, stack(0x000000290a900000,0x000000290aa00000) (1024K)]
  0x000001b7c5d66760 JavaThread "C2 CompilerThread0"         daemon [_thread_in_native, id=26364, stack(0x000000290aa00000,0x000000290ab00000) (1024K)]
  0x000001b7c5d71430 JavaThread "C1 CompilerThread0"         daemon [_thread_blocked, id=26596, stack(0x000000290ab00000,0x000000290ac00000) (1024K)]
  0x000001b7c5df51d0 JavaThread "C1 CompilerThread1"         daemon [_thread_blocked, id=26348, stack(0x000000290ac00000,0x000000290ad00000) (1024K)]
  0x000001b7c5d40260 JavaThread "Common-Cleaner"             daemon [_thread_blocked, id=25824, stack(0x000000290ae00000,0x000000290af00000) (1024K)]
  0x000001b7c5d408f0 JavaThread "Notification Thread"        daemon [_thread_blocked, id=26496, stack(0x000000290b100000,0x000000290b200000) (1024K)]
  0x000001b7c5d41610 JavaThread "Active Thread: Equinox Container: 3ff5c3c5-d105-4956-b344-c80724cd3de7"        [_thread_blocked, id=17084, stack(0x000000290bb00000,0x000000290bc00000) (1024K)]
  0x000001b7c5d3eeb0 JavaThread "Framework Event Dispatcher: Equinox Container: 3ff5c3c5-d105-4956-b344-c80724cd3de7" daemon [_thread_blocked, id=26444, stack(0x000000290ad00000,0x000000290ae00000) (1024K)]
  0x000001b7c5d3e820 JavaThread "Start Level: Equinox Container: 3ff5c3c5-d105-4956-b344-c80724cd3de7" daemon [_thread_in_vm, id=3724, stack(0x000000290b700000,0x000000290b800000) (1024K)]
  0x000001b7c5d41ca0 JavaThread "SCR Component Actor"        daemon [_thread_blocked, id=26356, stack(0x000000290b800000,0x000000290b900000) (1024K)]
=>0x000001b7c6096b10 JavaThread "C2 CompilerThread1"         daemon [_thread_in_native, id=1712, stack(0x000000290b900000,0x000000290ba00000) (1024K)]
  0x000001b7c5d3f540 JavaThread "Worker-JM"                         [_thread_blocked, id=6196, stack(0x000000290bd00000,0x000000290be00000) (1024K)]
  0x000001b7c5d3fbd0 JavaThread "JNA Cleaner"                daemon [_thread_blocked, id=26400, stack(0x000000290c000000,0x000000290c100000) (1024K)]
  0x000001b7c5fcb440 JavaThread "Worker-0"                          [_thread_blocked, id=25676, stack(0x000000290c100000,0x000000290c200000) (1024K)]
  0x000001b7c5fcbad0 JavaThread "Worker-1"                          [_thread_blocked, id=13640, stack(0x000000290c200000,0x000000290c300000) (1024K)]
  0x000001b7cc5597f0 JavaThread "C2 CompilerThread2"         daemon [_thread_in_native, id=8536, stack(0x000000290ba00000,0x000000290bb00000) (1024K)]
Total: 22

Other Threads:
  0x000001b7ff724070 VMThread "VM Thread"                           [id=26600, stack(0x000000290a300000,0x000000290a400000) (1024K)]
  0x000001b7ff61ca00 WatcherThread "VM Periodic Task Thread"        [id=26132, stack(0x000000290a200000,0x000000290a300000) (1024K)]
  0x000001b7eccabb30 WorkerThread "GC Thread#0"                     [id=26024, stack(0x000000290a100000,0x000000290a200000) (1024K)]
  0x000001b7c7ac5700 WorkerThread "GC Thread#1"                     [id=25820, stack(0x000000290b000000,0x000000290b100000) (1024K)]
  0x000001b7cc117350 WorkerThread "GC Thread#2"                     [id=6664, stack(0x000000290b200000,0x000000290b300000) (1024K)]
  0x000001b7cc1176f0 WorkerThread "GC Thread#3"                     [id=2208, stack(0x000000290b300000,0x000000290b400000) (1024K)]
  0x000001b7c7c12280 WorkerThread "GC Thread#4"                     [id=17704, stack(0x000000290b400000,0x000000290b500000) (1024K)]
  0x000001b7c7c12620 WorkerThread "GC Thread#5"                     [id=22428, stack(0x000000290b500000,0x000000290b600000) (1024K)]
  0x000001b7c7c129c0 WorkerThread "GC Thread#6"                     [id=11008, stack(0x000000290b600000,0x000000290b700000) (1024K)]
  0x000001b7cc013f30 WorkerThread "GC Thread#7"                     [id=5948, stack(0x000000290af00000,0x000000290b000000) (1024K)]
  0x000001b7cc6e3530 WorkerThread "GC Thread#8"                     [id=25964, stack(0x000000290bc00000,0x000000290bd00000) (1024K)]
  0x000001b7cc6e43b0 WorkerThread "GC Thread#9"                     [id=16764, stack(0x000000290be00000,0x000000290bf00000) (1024K)]
  0x000001b7cc6e4010 WorkerThread "GC Thread#10"                    [id=26380, stack(0x000000290c300000,0x000000290c400000) (1024K)]
  0x000001b7cc6e38d0 WorkerThread "GC Thread#11"                    [id=25228, stack(0x000000290c400000,0x000000290c500000) (1024K)]
  0x000001b7cc6e2df0 WorkerThread "GC Thread#12"                    [id=25688, stack(0x000000290c500000,0x000000290c600000) (1024K)]
Total: 15

Threads with active compile tasks:
C2 CompilerThread0  10136 3135       4       java.lang.String::newStringUTF8NoRepl (322 bytes)
C2 CompilerThread1  10136 2853       4       org.lombokweb.asm.ClassReader::readMethod (1070 bytes)
C2 CompilerThread2  10136 3136       4       java.util.zip.ZipCoder$UTF8ZipCoder::toString (12 bytes)
Total: 3

VM state: not at safepoint (normal execution)

VM Mutex/Monitor currently owned by a thread: None

Heap address: 0x0000000080000000, size: 2048 MB, Compressed Oops mode: 32-bit

CDS archive(s) mapped at: [0x000001b784000000-0x000001b784ba0000-0x000001b784ba0000), size 12189696, SharedBaseAddress: 0x000001b784000000, ArchiveRelocationMode: 1.
Compressed class space mapped at: 0x000001b785000000-0x000001b7c5000000, reserved size: 1073741824
Narrow klass base: 0x000001b784000000, Narrow klass shift: 0, Narrow klass range: 0x100000000

GC Precious Log:
 CardTable entry size: 512
 CPUs: 16 total, 16 available
 Memory: 15709M
 Large Page Support: Disabled
 NUMA Support: Disabled
 Compressed Oops: Enabled (32-bit)
 Alignments: Space 512K, Generation 512K, Heap 2M
 Heap Min Capacity: 100M
 Heap Initial Capacity: 100M
 Heap Max Capacity: 2G
 Pre-touch: Disabled
 Parallel Workers: 13

Heap:
 PSYoungGen      total 27136K, used 9147K [0x00000000d5580000, 0x00000000d7480000, 0x0000000100000000)
  eden space 24576K, 27% used [0x00000000d5580000,0x00000000d5c12200,0x00000000d6d80000)
  from space 2560K, 94% used [0x00000000d6e00000,0x00000000d705ccf0,0x00000000d7080000)
  to   space 3584K, 0% used [0x00000000d7100000,0x00000000d7100000,0x00000000d7480000)
 ParOldGen       total 68608K, used 8902K [0x0000000080000000, 0x0000000084300000, 0x00000000d5580000)
  object space 68608K, 12% used [0x0000000080000000,0x00000000808b1940,0x0000000084300000)
 Metaspace       used 23963K, committed 24704K, reserved 1114112K
  class space    used 2297K, committed 2624K, reserved 1048576K

Card table byte_map: [0x000001b7ec660000,0x000001b7eca70000] _byte_map_base: 0x000001b7ec260000

Marking Bits: (ParMarkBitMap*) 0x00007ffc47172460
 Begin Bits: [0x000001b780000000, 0x000001b782000000)
 End Bits:   [0x000001b782000000, 0x000001b784000000)

Polling page: 0x000001b7ec450000

Metaspace:

Usage:
  Non-class:     21.16 MB used.
      Class:      2.24 MB used.
       Both:     23.40 MB used.

Virtual space:
  Non-class space:       64.00 MB reserved,      21.56 MB ( 34%) committed,  1 nodes.
      Class space:        1.00 GB reserved,       2.56 MB ( <1%) committed,  1 nodes.
             Both:        1.06 GB reserved,      24.12 MB (  2%) committed. 

Chunk freelists:
   Non-Class:  9.89 MB
       Class:  13.50 MB
        Both:  23.39 MB

MaxMetaspaceSize: unlimited
CompressedClassSpaceSize: 1.00 GB
Initial GC threshold: 21.00 MB
Current GC threshold: 35.00 MB
CDS: on
 - commit_granule_bytes: 65536.
 - commit_granule_words: 8192.
 - virtual_space_node_default_size: 8388608.
 - enlarge_chunks_in_place: 1.
 - use_allocation_guard: 0.


Internal statistics:

num_allocs_failed_limit: 3.
num_arena_births: 524.
num_arena_deaths: 14.
num_vsnodes_births: 2.
num_vsnodes_deaths: 0.
num_space_committed: 386.
num_space_uncommitted: 0.
num_chunks_returned_to_freelist: 17.
num_chunks_taken_from_freelist: 1425.
num_chunk_merges: 9.
num_chunk_splits: 929.
num_chunks_enlarged: 611.
num_inconsistent_stats: 0.

CodeHeap 'non-profiled nmethods': size=119168Kb used=1451Kb max_used=1451Kb free=117716Kb
 bounds [0x000001b7f7a30000, 0x000001b7f7ca0000, 0x000001b7fee90000]
CodeHeap 'profiled nmethods': size=119104Kb used=6288Kb max_used=6288Kb free=112815Kb
 bounds [0x000001b7efe90000, 0x000001b7f04c0000, 0x000001b7f72e0000]
CodeHeap 'non-nmethods': size=7488Kb used=1886Kb max_used=3027Kb free=5601Kb
 bounds [0x000001b7f72e0000, 0x000001b7f7650000, 0x000001b7f7a30000]
CodeCache: size=245760Kb, used=9625Kb, max_used=10766Kb, free=236132Kb
 total_blobs=3748, nmethods=3137, adapters=516, full_count=0
Compilation: enabled, stopped_count=0, restarted_count=0

Compilation events (20 events):
Event: 9.083 Thread 0x000001b7cc8c2eb0 3118       4       java.lang.Class::getClassLoader (28 bytes)
Event: 9.083 Thread 0x000001b7cc8c2eb0 nmethod 3118 0x000001b7f7b93a90 code [0x000001b7f7b93c20, 0x000001b7f7b93cb8]
Event: 9.086 Thread 0x000001b7ccad4380 3119       4       java.util.HashMap::put (13 bytes)
Event: 9.091 Thread 0x000001b7c76c2d20 3120       3       java.lang.StringBuilder::append (8 bytes)
Event: 9.091 Thread 0x000001b7c76c2d20 nmethod 3120 0x000001b7f04afb90 code [0x000001b7f04afd40, 0x000001b7f04afe90]
Event: 9.092 Thread 0x000001b7c5df51d0 3121       3       java.util.concurrent.ConcurrentHashMap::sumCount (60 bytes)
Event: 9.092 Thread 0x000001b7c5df51d0 nmethod 3121 0x000001b7f04aff10 code [0x000001b7f04b00c0, 0x000001b7f04b0308]
Event: 9.094 Thread 0x000001b7cc5597f0 3122       4       java.util.HashSet::contains (9 bytes)
Event: 9.095 Thread 0x000001b7ccad4380 nmethod 3119 0x000001b7f7b93d90 code [0x000001b7f7b93fa0, 0x000001b7f7b94750]
Event: 9.097 Thread 0x000001b7ccad4380 3123       4       java.lang.String::contains (19 bytes)
Event: 9.099 Thread 0x000001b7ccad4380 nmethod 3123 0x000001b7f7b94d10 code [0x000001b7f7b94ea0, 0x000001b7f7b95130]
Event: 9.099 Thread 0x000001b7cc5597f0 nmethod 3122 0x000001b7f7b95290 code [0x000001b7f7b954a0, 0x000001b7f7b95b20]
Event: 9.104 Thread 0x000001b7ccad4380 3124       4       jdk.internal.misc.Unsafe::putIntUnaligned (14 bytes)
Event: 9.104 Thread 0x000001b7ccad4380 nmethod 3124 0x000001b7f7b96090 code [0x000001b7f7b96220, 0x000001b7f7b962d8]
Event: 9.664 Thread 0x000001b7c5d71430 3125       1       java.util.concurrent.atomic.AtomicReference::set (6 bytes)
Event: 9.665 Thread 0x000001b7c5d71430 nmethod 3125 0x000001b7f7b96390 code [0x000001b7f7b96520, 0x000001b7f7b96608]
Event: 9.727 Thread 0x000001b7c5d71430 3126       3       java.util.concurrent.Semaphore$NonfairSync::tryAcquireShared (6 bytes)
Event: 9.727 Thread 0x000001b7c5df51d0 3127       3       java.util.concurrent.Semaphore$Sync::nonfairTryAcquireShared (27 bytes)
Event: 9.727 Thread 0x000001b7c5d71430 nmethod 3126 0x000001b7f04b0410 code [0x000001b7f04b05c0, 0x000001b7f04b06f8]
Event: 9.727 Thread 0x000001b7c5df51d0 nmethod 3127 0x000001b7f04b0790 code [0x000001b7f04b0940, 0x000001b7f04b0b90]

GC Heap History (16 events):
Event: 2.194 GC heap before
{Heap before GC invocations=1 (full 0):
 PSYoungGen      total 29696K, used 25600K [0x00000000d5580000, 0x00000000d7680000, 0x0000000100000000)
  eden space 25600K, 100% used [0x00000000d5580000,0x00000000d6e80000,0x00000000d6e80000)
  from space 4096K, 0% used [0x00000000d7280000,0x00000000d7280000,0x00000000d7680000)
  to   space 4096K, 0% used [0x00000000d6e80000,0x00000000d6e80000,0x00000000d7280000)
 ParOldGen       total 68608K, used 0K [0x0000000080000000, 0x0000000084300000, 0x00000000d5580000)
  object space 68608K, 0% used [0x0000000080000000,0x0000000080000000,0x0000000084300000)
 Metaspace       used 4139K, committed 4416K, reserved 1114112K
  class space    used 452K, committed 576K, reserved 1048576K
}
Event: 2.201 GC heap after
{Heap after GC invocations=1 (full 0):
 PSYoungGen      total 29696K, used 3444K [0x00000000d5580000, 0x00000000d7680000, 0x0000000100000000)
  eden space 25600K, 0% used [0x00000000d5580000,0x00000000d5580000,0x00000000d6e80000)
  from space 4096K, 84% used [0x00000000d6e80000,0x00000000d71dd2a0,0x00000000d7280000)
  to   space 4096K, 0% used [0x00000000d7280000,0x00000000d7280000,0x00000000d7680000)
 ParOldGen       total 68608K, used 16K [0x0000000080000000, 0x0000000084300000, 0x00000000d5580000)
  object space 68608K, 0% used [0x0000000080000000,0x0000000080004000,0x0000000084300000)
 Metaspace       used 4139K, committed 4416K, reserved 1114112K
  class space    used 452K, committed 576K, reserved 1048576K
}
Event: 3.272 GC heap before
{Heap before GC invocations=2 (full 0):
 PSYoungGen      total 29696K, used 29044K [0x00000000d5580000, 0x00000000d7680000, 0x0000000100000000)
  eden space 25600K, 100% used [0x00000000d5580000,0x00000000d6e80000,0x00000000d6e80000)
  from space 4096K, 84% used [0x00000000d6e80000,0x00000000d71dd2a0,0x00000000d7280000)
  to   space 4096K, 0% used [0x00000000d7280000,0x00000000d7280000,0x00000000d7680000)
 ParOldGen       total 68608K, used 16K [0x0000000080000000, 0x0000000084300000, 0x00000000d5580000)
  object space 68608K, 0% used [0x0000000080000000,0x0000000080004000,0x0000000084300000)
 Metaspace       used 7956K, committed 8256K, reserved 1114112K
  class space    used 829K, committed 960K, reserved 1048576K
}
Event: 3.275 GC heap after
{Heap after GC invocations=2 (full 0):
 PSYoungGen      total 29696K, used 4070K [0x00000000d5580000, 0x00000000d7680000, 0x0000000100000000)
  eden space 25600K, 0% used [0x00000000d5580000,0x00000000d5580000,0x00000000d6e80000)
  from space 4096K, 99% used [0x00000000d7280000,0x00000000d7679800,0x00000000d7680000)
  to   space 4096K, 0% used [0x00000000d6e80000,0x00000000d6e80000,0x00000000d7280000)
 ParOldGen       total 68608K, used 1063K [0x0000000080000000, 0x0000000084300000, 0x00000000d5580000)
  object space 68608K, 1% used [0x0000000080000000,0x0000000080109dc0,0x0000000084300000)
 Metaspace       used 7956K, committed 8256K, reserved 1114112K
  class space    used 829K, committed 960K, reserved 1048576K
}
Event: 8.106 GC heap before
{Heap before GC invocations=3 (full 0):
 PSYoungGen      total 29696K, used 29670K [0x00000000d5580000, 0x00000000d7680000, 0x0000000100000000)
  eden space 25600K, 100% used [0x00000000d5580000,0x00000000d6e80000,0x00000000d6e80000)
  from space 4096K, 99% used [0x00000000d7280000,0x00000000d7679800,0x00000000d7680000)
  to   space 4096K, 0% used [0x00000000d6e80000,0x00000000d6e80000,0x00000000d7280000)
 ParOldGen       total 68608K, used 1063K [0x0000000080000000, 0x0000000084300000, 0x00000000d5580000)
  object space 68608K, 1% used [0x0000000080000000,0x0000000080109dc0,0x0000000084300000)
 Metaspace       used 12653K, committed 13248K, reserved 1114112K
  class space    used 1342K, committed 1600K, reserved 1048576K
}
Event: 8.109 GC heap after
{Heap after GC invocations=3 (full 0):
 PSYoungGen      total 29696K, used 4095K [0x00000000d5580000, 0x00000000d7680000, 0x0000000100000000)
  eden space 25600K, 0% used [0x00000000d5580000,0x00000000d5580000,0x00000000d6e80000)
  from space 4096K, 99% used [0x00000000d6e80000,0x00000000d727ff40,0x00000000d7280000)
  to   space 4096K, 0% used [0x00000000d7280000,0x00000000d7280000,0x00000000d7680000)
 ParOldGen       total 68608K, used 2605K [0x0000000080000000, 0x0000000084300000, 0x00000000d5580000)
  object space 68608K, 3% used [0x0000000080000000,0x000000008028b630,0x0000000084300000)
 Metaspace       used 12653K, committed 13248K, reserved 1114112K
  class space    used 1342K, committed 1600K, reserved 1048576K
}
Event: 8.532 GC heap before
{Heap before GC invocations=4 (full 0):
 PSYoungGen      total 29696K, used 29695K [0x00000000d5580000, 0x00000000d7680000, 0x0000000100000000)
  eden space 25600K, 100% used [0x00000000d5580000,0x00000000d6e80000,0x00000000d6e80000)
  from space 4096K, 99% used [0x00000000d6e80000,0x00000000d727ff40,0x00000000d7280000)
  to   space 4096K, 0% used [0x00000000d7280000,0x00000000d7280000,0x00000000d7680000)
 ParOldGen       total 68608K, used 2605K [0x0000000080000000, 0x0000000084300000, 0x00000000d5580000)
  object space 68608K, 3% used [0x0000000080000000,0x000000008028b630,0x0000000084300000)
 Metaspace       used 16689K, committed 17344K, reserved 1114112K
  class space    used 1743K, committed 2048K, reserved 1048576K
}
Event: 8.535 GC heap after
{Heap after GC invocations=4 (full 0):
 PSYoungGen      total 29696K, used 4095K [0x00000000d5580000, 0x00000000d7680000, 0x0000000100000000)
  eden space 25600K, 0% used [0x00000000d5580000,0x00000000d5580000,0x00000000d6e80000)
  from space 4096K, 99% used [0x00000000d7280000,0x00000000d767fd98,0x00000000d7680000)
  to   space 4096K, 0% used [0x00000000d6e80000,0x00000000d6e80000,0x00000000d7280000)
 ParOldGen       total 68608K, used 4627K [0x0000000080000000, 0x0000000084300000, 0x00000000d5580000)
  object space 68608K, 6% used [0x0000000080000000,0x0000000080484dc8,0x0000000084300000)
 Metaspace       used 16689K, committed 17344K, reserved 1114112K
  class space    used 1743K, committed 2048K, reserved 1048576K
}
Event: 8.739 GC heap before
{Heap before GC invocations=5 (full 0):
 PSYoungGen      total 29696K, used 29695K [0x00000000d5580000, 0x00000000d7680000, 0x0000000100000000)
  eden space 25600K, 100% used [0x00000000d5580000,0x00000000d6e80000,0x00000000d6e80000)
  from space 4096K, 99% used [0x00000000d7280000,0x00000000d767fd98,0x00000000d7680000)
  to   space 4096K, 0% used [0x00000000d6e80000,0x00000000d6e80000,0x00000000d7280000)
 ParOldGen       total 68608K, used 4627K [0x0000000080000000, 0x0000000084300000, 0x00000000d5580000)
  object space 68608K, 6% used [0x0000000080000000,0x0000000080484dc8,0x0000000084300000)
 Metaspace       used 19960K, committed 20672K, reserved 1114112K
  class space    used 1984K, committed 2304K, reserved 1048576K
}
Event: 8.740 GC heap after
{Heap after GC invocations=5 (full 0):
 PSYoungGen      total 29184K, used 4080K [0x00000000d5580000, 0x00000000d7800000, 0x0000000100000000)
  eden space 25088K, 0% used [0x00000000d5580000,0x00000000d5580000,0x00000000d6e00000)
  from space 4096K, 99% used [0x00000000d6e80000,0x00000000d727c1d0,0x00000000d7280000)
  to   space 5120K, 0% used [0x00000000d7300000,0x00000000d7300000,0x00000000d7800000)
 ParOldGen       total 68608K, used 4822K [0x0000000080000000, 0x0000000084300000, 0x00000000d5580000)
  object space 68608K, 7% used [0x0000000080000000,0x00000000804b59c0,0x0000000084300000)
 Metaspace       used 19960K, committed 20672K, reserved 1114112K
  class space    used 1984K, committed 2304K, reserved 1048576K
}
Event: 8.787 GC heap before
{Heap before GC invocations=6 (full 0):
 PSYoungGen      total 29184K, used 11593K [0x00000000d5580000, 0x00000000d7800000, 0x0000000100000000)
  eden space 25088K, 29% used [0x00000000d5580000,0x00000000d5cd64f8,0x00000000d6e00000)
  from space 4096K, 99% used [0x00000000d6e80000,0x00000000d727c1d0,0x00000000d7280000)
  to   space 5120K, 0% used [0x00000000d7300000,0x00000000d7300000,0x00000000d7800000)
 ParOldGen       total 68608K, used 4822K [0x0000000080000000, 0x0000000084300000, 0x00000000d5580000)
  object space 68608K, 7% used [0x0000000080000000,0x00000000804b59c0,0x0000000084300000)
 Metaspace       used 20845K, committed 21504K, reserved 1114112K
  class space    used 2053K, committed 2368K, reserved 1048576K
}
Event: 8.789 GC heap after
{Heap after GC invocations=6 (full 0):
 PSYoungGen      total 30208K, used 4898K [0x00000000d5580000, 0x00000000d7800000, 0x0000000100000000)
  eden space 25088K, 0% used [0x00000000d5580000,0x00000000d5580000,0x00000000d6e00000)
  from space 5120K, 95% used [0x00000000d7300000,0x00000000d77c8be0,0x00000000d7800000)
  to   space 5120K, 0% used [0x00000000d6e00000,0x00000000d6e00000,0x00000000d7300000)
 ParOldGen       total 68608K, used 5137K [0x0000000080000000, 0x0000000084300000, 0x00000000d5580000)
  object space 68608K, 7% used [0x0000000080000000,0x0000000080504678,0x0000000084300000)
 Metaspace       used 20845K, committed 21504K, reserved 1114112K
  class space    used 2053K, committed 2368K, reserved 1048576K
}
Event: 8.789 GC heap before
{Heap before GC invocations=7 (full 1):
 PSYoungGen      total 30208K, used 4898K [0x00000000d5580000, 0x00000000d7800000, 0x0000000100000000)
  eden space 25088K, 0% used [0x00000000d5580000,0x00000000d5580000,0x00000000d6e00000)
  from space 5120K, 95% used [0x00000000d7300000,0x00000000d77c8be0,0x00000000d7800000)
  to   space 5120K, 0% used [0x00000000d6e00000,0x00000000d6e00000,0x00000000d7300000)
 ParOldGen       total 68608K, used 5137K [0x0000000080000000, 0x0000000084300000, 0x00000000d5580000)
  object space 68608K, 7% used [0x0000000080000000,0x0000000080504678,0x0000000084300000)
 Metaspace       used 20845K, committed 21504K, reserved 1114112K
  class space    used 2053K, committed 2368K, reserved 1048576K
}
Event: 8.808 GC heap after
{Heap after GC invocations=7 (full 1):
 PSYoungGen      total 30208K, used 0K [0x00000000d5580000, 0x00000000d7800000, 0x0000000100000000)
  eden space 25088K, 0% used [0x00000000d5580000,0x00000000d5580000,0x00000000d6e00000)
  from space 5120K, 0% used [0x00000000d7300000,0x00000000d7300000,0x00000000d7800000)
  to   space 5120K, 0% used [0x00000000d6e00000,0x00000000d6e00000,0x00000000d7300000)
 ParOldGen       total 68608K, used 8894K [0x0000000080000000, 0x0000000084300000, 0x00000000d5580000)
  object space 68608K, 12% used [0x0000000080000000,0x00000000808af940,0x0000000084300000)
 Metaspace       used 20832K, committed 21504K, reserved 1114112K
  class space    used 2050K, committed 2368K, reserved 1048576K
}
Event: 9.037 GC heap before
{Heap before GC invocations=8 (full 1):
 PSYoungGen      total 30208K, used 25088K [0x00000000d5580000, 0x00000000d7800000, 0x0000000100000000)
  eden space 25088K, 100% used [0x00000000d5580000,0x00000000d6e00000,0x00000000d6e00000)
  from space 5120K, 0% used [0x00000000d7300000,0x00000000d7300000,0x00000000d7800000)
  to   space 5120K, 0% used [0x00000000d6e00000,0x00000000d6e00000,0x00000000d7300000)
 ParOldGen       total 68608K, used 8894K [0x0000000080000000, 0x0000000084300000, 0x00000000d5580000)
  object space 68608K, 12% used [0x0000000080000000,0x00000000808af940,0x0000000084300000)
 Metaspace       used 22997K, committed 23680K, reserved 1114112K
  class space    used 2231K, committed 2560K, reserved 1048576K
}
Event: 9.038 GC heap after
{Heap after GC invocations=8 (full 1):
 PSYoungGen      total 27136K, used 2419K [0x00000000d5580000, 0x00000000d7480000, 0x0000000100000000)
  eden space 24576K, 0% used [0x00000000d5580000,0x00000000d5580000,0x00000000d6d80000)
  from space 2560K, 94% used [0x00000000d6e00000,0x00000000d705ccf0,0x00000000d7080000)
  to   space 3584K, 0% used [0x00000000d7100000,0x00000000d7100000,0x00000000d7480000)
 ParOldGen       total 68608K, used 8902K [0x0000000080000000, 0x0000000084300000, 0x00000000d5580000)
  object space 68608K, 12% used [0x0000000080000000,0x00000000808b1940,0x0000000084300000)
 Metaspace       used 22997K, committed 23680K, reserved 1114112K
  class space    used 2231K, committed 2560K, reserved 1048576K
}

Dll operation events (10 events):
Event: 0.185 Loaded shared library c:\Users\sahus\.vscode\extensions\redhat.java-1.51.0-win32-x64\jre\21.0.9-win32-x86_64\bin\java.dll
Event: 0.321 Loaded shared library c:\Users\sahus\.vscode\extensions\redhat.java-1.51.0-win32-x64\jre\21.0.9-win32-x86_64\bin\zip.dll
Event: 0.344 Loaded shared library C:\Users\sahus\.vscode\extensions\redhat.java-1.51.0-win32-x64\jre\21.0.9-win32-x86_64\bin\instrument.dll
Event: 0.388 Loaded shared library C:\Users\sahus\.vscode\extensions\redhat.java-1.51.0-win32-x64\jre\21.0.9-win32-x86_64\bin\net.dll
Event: 0.434 Loaded shared library C:\Users\sahus\.vscode\extensions\redhat.java-1.51.0-win32-x64\jre\21.0.9-win32-x86_64\bin\nio.dll
Event: 0.437 Loaded shared library C:\Users\sahus\.vscode\extensions\redhat.java-1.51.0-win32-x64\jre\21.0.9-win32-x86_64\bin\zip.dll
Event: 0.457 Loaded shared library C:\Users\sahus\.vscode\extensions\redhat.java-1.51.0-win32-x64\jre\21.0.9-win32-x86_64\bin\jimage.dll
Event: 0.597 Loaded shared library c:\Users\sahus\.vscode\extensions\redhat.java-1.51.0-win32-x64\jre\21.0.9-win32-x86_64\bin\verify.dll
Event: 7.767 Loaded shared library C:\Users\sahus\AppData\Roaming\Code\User\globalStorage\redhat.java\1.51.0\config_ss_win\org.eclipse.equinox.launcher\org.eclipse.equinox.launcher.win32.win32.x86_64_1.2.1400.v20250801-0854\eclipse_11916.dll
Event: 8.414 Loaded shared library C:\Users\sahus\AppData\Local\Temp\jna-109198328\jna12760780346823904610.dll

Deoptimization events (20 events):
Event: 9.068 Thread 0x000001b7c5d3e820 Uncommon trap: trap_request=0xffffff45 fr.pc=0x000001b7f7a6780c relative=0x000000000000006c
Event: 9.068 Thread 0x000001b7c5d3e820 Uncommon trap: reason=unstable_if action=reinterpret pc=0x000001b7f7a6780c method=java.lang.AbstractStringBuilder.isLatin1()Z @ 10 c2
Event: 9.068 Thread 0x000001b7c5d3e820 DEOPT PACKING pc=0x000001b7f7a6780c sp=0x000000290b7fe460
Event: 9.068 Thread 0x000001b7c5d3e820 DEOPT UNPACKING pc=0x000001b7f7333aa2 sp=0x000000290b7fe3f0 mode 2
Event: 9.073 Thread 0x000001b7c5d3e820 Uncommon trap: trap_request=0xffffffc6 fr.pc=0x000001b7f7aec764 relative=0x0000000000000a84
Event: 9.073 Thread 0x000001b7c5d3e820 Uncommon trap: reason=bimorphic_or_optimized_type_check action=maybe_recompile pc=0x000001b7f7aec764 method=java.util.HashMap.putVal(ILjava/lang/Object;Ljava/lang/Object;ZZ)Ljava/lang/Object; @ 56 c2
Event: 9.073 Thread 0x000001b7c5d3e820 DEOPT PACKING pc=0x000001b7f7aec764 sp=0x000000290b7fdc50
Event: 9.073 Thread 0x000001b7c5d3e820 DEOPT UNPACKING pc=0x000001b7f7333aa2 sp=0x000000290b7fdb50 mode 2
Event: 9.073 Thread 0x000001b7c5d3e820 Uncommon trap: trap_request=0xffffffc6 fr.pc=0x000001b7f7aec764 relative=0x0000000000000a84
Event: 9.073 Thread 0x000001b7c5d3e820 Uncommon trap: reason=bimorphic_or_optimized_type_check action=maybe_recompile pc=0x000001b7f7aec764 method=java.util.HashMap.putVal(ILjava/lang/Object;Ljava/lang/Object;ZZ)Ljava/lang/Object; @ 56 c2
Event: 9.073 Thread 0x000001b7c5d3e820 DEOPT PACKING pc=0x000001b7f7aec764 sp=0x000000290b7fdc50
Event: 9.073 Thread 0x000001b7c5d3e820 DEOPT UNPACKING pc=0x000001b7f7333aa2 sp=0x000000290b7fdb50 mode 2
Event: 9.073 Thread 0x000001b7c5d3e820 Uncommon trap: trap_request=0xffffffc6 fr.pc=0x000001b7f7aec764 relative=0x0000000000000a84
Event: 9.073 Thread 0x000001b7c5d3e820 Uncommon trap: reason=bimorphic_or_optimized_type_check action=maybe_recompile pc=0x000001b7f7aec764 method=java.util.HashMap.putVal(ILjava/lang/Object;Ljava/lang/Object;ZZ)Ljava/lang/Object; @ 56 c2
Event: 9.073 Thread 0x000001b7c5d3e820 DEOPT PACKING pc=0x000001b7f7aec764 sp=0x000000290b7fdc50
Event: 9.073 Thread 0x000001b7c5d3e820 DEOPT UNPACKING pc=0x000001b7f7333aa2 sp=0x000000290b7fdb50 mode 2
Event: 9.084 Thread 0x000001b7c5d3e820 Uncommon trap: trap_request=0xffffff45 fr.pc=0x000001b7f7b92e38 relative=0x0000000000000a98
Event: 9.084 Thread 0x000001b7c5d3e820 Uncommon trap: reason=unstable_if action=reinterpret pc=0x000001b7f7b92e38 method=java.util.regex.Pattern$BmpCharPropertyGreedy.match(Ljava/util/regex/Matcher;ILjava/lang/CharSequence;)Z @ 12 c2
Event: 9.084 Thread 0x000001b7c5d3e820 DEOPT PACKING pc=0x000001b7f7b92e38 sp=0x000000290b7fd7e0
Event: 9.084 Thread 0x000001b7c5d3e820 DEOPT UNPACKING pc=0x000001b7f7333aa2 sp=0x000000290b7fd6c8 mode 2

Classes loaded (20 events):
Event: 9.085 Loading class sun/util/resources/cldr/TimeZoneNames_en
Event: 9.085 Loading class sun/util/resources/cldr/TimeZoneNames_en done
Event: 9.086 Loading class sun/util/resources/cldr/TimeZoneNames_en_US
Event: 9.086 Loading class sun/util/resources/cldr/TimeZoneNames_en_US done
Event: 9.087 Loading class sun/util/cldr/CLDRBaseLocaleDataMetaInfo$TZCanonicalIDMapHolder
Event: 9.087 Loading class sun/util/cldr/CLDRBaseLocaleDataMetaInfo$TZCanonicalIDMapHolder done
Event: 9.088 Loading class sun/util/resources/TimeZoneNames
Event: 9.089 Loading class sun/util/resources/TimeZoneNames done
Event: 9.089 Loading class sun/util/resources/TimeZoneNames_en
Event: 9.089 Loading class sun/util/resources/TimeZoneNames_en done
Event: 9.091 Loading class sun/nio/fs/WindowsPath$1
Event: 9.091 Loading class sun/nio/fs/WindowsPath$1 done
Event: 9.091 Loading class sun/nio/fs/WindowsChannelFactory$2
Event: 9.091 Loading class sun/nio/fs/WindowsChannelFactory$2 done
Event: 9.092 Loading class sun/nio/ch/ChannelOutputStream
Event: 9.092 Loading class sun/nio/ch/ChannelOutputStream done
Event: 9.092 Loading class sun/nio/fs/WindowsFileCopy
Event: 9.093 Loading class sun/nio/fs/WindowsFileCopy done
Event: 9.103 Loading class java/util/UUID$Holder
Event: 9.103 Loading class java/util/UUID$Holder done

Classes unloaded (7 events):
Event: 8.792 Thread 0x000001b7ff724070 Unloading class 0x000001b78518d400 'java/lang/invoke/LambdaForm$MH+0x000001b78518d400'
Event: 8.792 Thread 0x000001b7ff724070 Unloading class 0x000001b78518d000 'java/lang/invoke/LambdaForm$MH+0x000001b78518d000'
Event: 8.792 Thread 0x000001b7ff724070 Unloading class 0x000001b78518cc00 'java/lang/invoke/LambdaForm$MH+0x000001b78518cc00'
Event: 8.792 Thread 0x000001b7ff724070 Unloading class 0x000001b78518c800 'java/lang/invoke/LambdaForm$MH+0x000001b78518c800'
Event: 8.792 Thread 0x000001b7ff724070 Unloading class 0x000001b78518c400 'java/lang/invoke/LambdaForm$BMH+0x000001b78518c400'
Event: 8.792 Thread 0x000001b7ff724070 Unloading class 0x000001b78518c000 'java/lang/invoke/LambdaForm$DMH+0x000001b78518c000'
Event: 8.792 Thread 0x000001b7ff724070 Unloading class 0x000001b78518ac00 'java/lang/invoke/LambdaForm$DMH+0x000001b78518ac00'

Classes redefined (0 events):
No events

Internal exceptions (20 events):
Event: 8.464 Thread 0x000001b7c5d3e820 Exception <a 'java/lang/NoSuchMethodError'{0x00000000d681c9b8}: 'java.lang.Object java.lang.invoke.DirectMethodHandle$Holder.invokeSpecial(java.lang.Object, java.lang.Object, java.lang.Object, java.lang.Object, long)'> (0x00000000d681c9b8) 
thrown [s\src\hotspot\share\interpreter\linkResolver.cpp, line 773]
Event: 8.464 Thread 0x000001b7c5d3e820 Exception <a 'java/lang/NoSuchMethodError'{0x00000000d68205d8}: 'java.lang.Object java.lang.invoke.Invokers$Holder.linkToTargetMethod(java.lang.Object, java.lang.Object, long, java.lang.Object)'> (0x00000000d68205d8) 
thrown [s\src\hotspot\share\interpreter\linkResolver.cpp, line 773]
Event: 8.469 Thread 0x000001b7c5d3e820 Exception <a 'java/lang/NoSuchMethodError'{0x00000000d68923a0}: 'int java.lang.invoke.DirectMethodHandle$Holder.invokeStaticInit(java.lang.Object, java.lang.Object, java.lang.Object)'> (0x00000000d68923a0) 
thrown [s\src\hotspot\share\interpreter\linkResolver.cpp, line 773]
Event: 8.475 Thread 0x000001b7c5d3e820 Exception <a 'java/lang/IncompatibleClassChangeError'{0x00000000d6921818}: Found class java.lang.Object, but interface was expected> (0x00000000d6921818) 
thrown [s\src\hotspot\share\interpreter\linkResolver.cpp, line 840]
Event: 8.477 Thread 0x000001b7c5d3e820 Exception <a 'java/lang/NoSuchMethodError'{0x00000000d69345a8}: 'java.lang.Object java.lang.invoke.DirectMethodHandle$Holder.invokeSpecial(java.lang.Object, java.lang.Object, java.lang.Object, int, java.lang.Object, java.lang.Object)'> (0x00000000d69345a8) 
thrown [s\src\hotspot\share\interpreter\linkResolver.cpp, line 773]
Event: 8.478 Thread 0x000001b7c5d3e820 Exception <a 'java/lang/NoSuchMethodError'{0x00000000d693c080}: 'java.lang.Object java.lang.invoke.DirectMethodHandle$Holder.newInvokeSpecial(java.lang.Object, java.lang.Object, java.lang.Object, int, java.lang.Object)'> (0x00000000d693c080) 
thrown [s\src\hotspot\share\interpreter\linkResolver.cpp, line 773]
Event: 8.478 Thread 0x000001b7c5d3e820 Exception <a 'java/lang/NoSuchMethodError'{0x00000000d6940000}: 'java.lang.Object java.lang.invoke.DirectMethodHandle$Holder.invokeSpecial(java.lang.Object, java.lang.Object, java.lang.Object, java.lang.Object, int, java.lang.Object)'> (0x00000000d6940000) 
thrown [s\src\hotspot\share\interpreter\linkResolver.cpp, line 773]
Event: 8.478 Thread 0x000001b7c5d3e820 Exception <a 'java/lang/NoSuchMethodError'{0x00000000d6943b40}: 'java.lang.Object java.lang.invoke.Invokers$Holder.linkToTargetMethod(java.lang.Object, java.lang.Object, int, java.lang.Object, java.lang.Object)'> (0x00000000d6943b40) 
thrown [s\src\hotspot\share\interpreter\linkResolver.cpp, line 773]
Event: 8.478 Thread 0x000001b7c5fcb440 Exception <a 'java/lang/NoSuchMethodError'{0x00000000d685c460}: 'java.lang.Object java.lang.invoke.DirectMethodHandle$Holder.invokeSpecial(java.lang.Object, java.lang.Object, int, java.lang.Object, java.lang.Object)'> (0x00000000d685c460) 
thrown [s\src\hotspot\share\interpreter\linkResolver.cpp, line 773]
Event: 8.479 Thread 0x000001b7c5fcb440 Exception <a 'java/lang/NoSuchMethodError'{0x00000000d6863198}: 'java.lang.Object java.lang.invoke.DirectMethodHandle$Holder.newInvokeSpecial(java.lang.Object, java.lang.Object, int, java.lang.Object)'> (0x00000000d6863198) 
thrown [s\src\hotspot\share\interpreter\linkResolver.cpp, line 773]
Event: 8.479 Thread 0x000001b7c5fcb440 Exception <a 'java/lang/NoSuchMethodError'{0x00000000d6866a78}: 'java.lang.Object java.lang.invoke.DirectMethodHandle$Holder.invokeSpecial(java.lang.Object, java.lang.Object, java.lang.Object, int, java.lang.Object)'> (0x00000000d6866a78) 
thrown [s\src\hotspot\share\interpreter\linkResolver.cpp, line 773]
Event: 8.489 Thread 0x000001b7c5d3e820 Exception <a 'java/lang/NoSuchMethodError'{0x00000000d6a629e0}: 'void java.lang.invoke.DirectMethodHandle$Holder.invokeSpecial(java.lang.Object, java.lang.Object, java.lang.Object, java.lang.Object, java.lang.Object)'> (0x00000000d6a629e0) 
thrown [s\src\hotspot\share\interpreter\linkResolver.cpp, line 773]
Event: 8.515 Thread 0x000001b7c5d3e820 Exception <a 'java/lang/NoSuchMethodError'{0x00000000d6c78fa8}: 'double java.lang.invoke.DirectMethodHandle$Holder.invokeStatic(java.lang.Object, java.lang.Object)'> (0x00000000d6c78fa8) 
thrown [s\src\hotspot\share\interpreter\linkResolver.cpp, line 773]
Event: 8.515 Thread 0x000001b7c5d3e820 Exception <a 'java/lang/NoSuchMethodError'{0x00000000d6c7c668}: 'double java.lang.invoke.DirectMethodHandle$Holder.invokeStaticInit(java.lang.Object, java.lang.Object)'> (0x00000000d6c7c668) 
thrown [s\src\hotspot\share\interpreter\linkResolver.cpp, line 773]
Event: 8.760 Thread 0x000001b7c5d3e820 Implicit null exception at 0x000001b7f7b67875 to 0x000001b7f7b67950
Event: 9.009 Thread 0x000001b7c5d3e820 Exception <a 'java/lang/ClassNotFoundException'{0x00000000d6c41430}: com/sun/org/apache/xerces/internal/impl/msg/spi/DOMMessagesProvider> (0x00000000d6c41430) 
thrown [s\src\hotspot\share\classfile\systemDictionary.cpp, line 312]
Event: 9.010 Thread 0x000001b7c5d3e820 Exception <a 'java/lang/ClassNotFoundException'{0x00000000d6c5c488}: com/sun/org/apache/xerces/internal/impl/msg/spi/XMLSerializerMessagesProvider> (0x00000000d6c5c488) 
thrown [s\src\hotspot\share\classfile\systemDictionary.cpp, line 312]
Event: 9.011 Thread 0x000001b7c5d3e820 Exception <a 'java/lang/ClassNotFoundException'{0x00000000d6c69758}: com/sun/org/apache/xerces/internal/impl/msg/spi/XMLMessagesProvider> (0x00000000d6c69758) 
thrown [s\src\hotspot\share\classfile\systemDictionary.cpp, line 312]
Event: 9.047 Thread 0x000001b7c5d3e820 Exception <a 'java/lang/NoSuchMethodError'{0x00000000d5640b78}: 'java.lang.Object java.lang.invoke.DirectMethodHandle$Holder.newInvokeSpecial(java.lang.Object, int, java.lang.Object, java.lang.Object)'> (0x00000000d5640b78) 
thrown [s\src\hotspot\share\interpreter\linkResolver.cpp, line 773]
Event: 9.079 Thread 0x000001b7c5d3e820 Exception <a 'sun/nio/fs/WindowsException'{0x00000000d584a168}> (0x00000000d584a168) 
thrown [s\src\hotspot\share\prims\jni.cpp, line 520]

ZGC Phase Switch (0 events):
No events

VM Operations (20 events):
Event: 8.193 Executing VM operation: HandshakeAllThreads (Deoptimize) done
Event: 8.196 Executing VM operation: HandshakeAllThreads (Deoptimize)
Event: 8.196 Executing VM operation: HandshakeAllThreads (Deoptimize) done
Event: 8.205 Executing VM operation: HandshakeAllThreads (Deoptimize)
Event: 8.205 Executing VM operation: HandshakeAllThreads (Deoptimize) done
Event: 8.362 Executing VM operation: HandshakeAllThreads (Deoptimize)
Event: 8.362 Executing VM operation: HandshakeAllThreads (Deoptimize) done
Event: 8.419 Executing VM operation: HandshakeAllThreads (Deoptimize)
Event: 8.419 Executing VM operation: HandshakeAllThreads (Deoptimize) done
Event: 8.532 Executing VM operation: ParallelGCFailedAllocation (Allocation Failure)
Event: 8.535 Executing VM operation: ParallelGCFailedAllocation (Allocation Failure) done
Event: 8.739 Executing VM operation: ParallelGCFailedAllocation (Allocation Failure)
Event: 8.740 Executing VM operation: ParallelGCFailedAllocation (Allocation Failure) done
Event: 8.787 Executing VM operation: CollectForMetadataAllocation (Metadata GC Threshold)
Event: 8.808 Executing VM operation: CollectForMetadataAllocation (Metadata GC Threshold) done
Event: 9.037 Executing VM operation: ParallelGCFailedAllocation (Allocation Failure)
Event: 9.038 Executing VM operation: ParallelGCFailedAllocation (Allocation Failure) done
Event: 9.073 Executing VM operation: HandshakeAllThreads (Deoptimize)
Event: 9.073 Executing VM operation: HandshakeAllThreads (Deoptimize) done
Event: 10.076 Executing VM operation: Cleanup

Memory protections (0 events):
No events

Nmethod flushes (0 events):
No events

Events (20 events):
Event: 4.838 Thread 0x000001b7c75bc5f0 Thread exited: 0x000001b7c75bc5f0
Event: 7.720 Thread 0x000001b7ecc8dbe0 Thread added: 0x000001b7c5d3eeb0
Event: 7.723 Thread 0x000001b7ecc8dbe0 Thread added: 0x000001b7c5d3e820
Event: 7.824 Thread 0x000001b7c5d3e820 Thread added: 0x000001b7c5d41ca0
Event: 7.912 Thread 0x000001b7c5df51d0 Thread added: 0x000001b7c6096b10
Event: 7.912 Thread 0x000001b7c5df51d0 Thread added: 0x000001b7cc5597f0
Event: 7.912 Thread 0x000001b7c5df51d0 Thread added: 0x000001b7cc559e90
Event: 8.079 Thread 0x000001b7c5d3e820 Thread added: 0x000001b7c5d3f540
Event: 8.084 Thread 0x000001b7cc559e90 Thread exited: 0x000001b7cc559e90
Event: 8.127 Thread 0x000001b7c5d71430 Thread added: 0x000001b7cc6e8dd0
Event: 8.432 Thread 0x000001b7c5d3e820 Thread added: 0x000001b7c5d3fbd0
Event: 8.465 Thread 0x000001b7c5d3e820 Thread added: 0x000001b7c5fcb440
Event: 8.479 Thread 0x000001b7c5d3e820 Thread added: 0x000001b7c5fcbad0
Event: 8.585 Thread 0x000001b7c5df51d0 Thread added: 0x000001b7cc8c2eb0
Event: 8.585 Thread 0x000001b7c5df51d0 Thread added: 0x000001b7ccad4380
Event: 9.029 Thread 0x000001b7c5d3e820 Thread added: 0x000001b7c5fcc160
Event: 9.059 Thread 0x000001b7cc6e8dd0 Thread added: 0x000001b7c76c2d20
Event: 9.094 Thread 0x000001b7c5fcc160 Thread exited: 0x000001b7c5fcc160
Event: 9.664 Thread 0x000001b7c76c2d20 Thread exited: 0x000001b7c76c2d20
Event: 9.664 Thread 0x000001b7ccad4380 Thread exited: 0x000001b7ccad4380


Dynamic libraries:
0x00007ff7a5490000 - 0x00007ff7a549e000 	c:\Users\sahus\.vscode\extensions\redhat.java-1.51.0-win32-x64\jre\21.0.9-win32-x86_64\bin\java.exe
0x00007ffcff8a0000 - 0x00007ffcffb07000 	C:\WINDOWS\SYSTEM32\ntdll.dll
0x00007ffcfe1a0000 - 0x00007ffcfe269000 	C:\WINDOWS\System32\KERNEL32.DLL
0x00007ffcfd210000 - 0x00007ffcfd5ff000 	C:\WINDOWS\System32\KERNELBASE.dll
0x00007ffcfcb70000 - 0x00007ffcfccbb000 	C:\WINDOWS\System32\ucrtbase.dll
0x00007ffce7c40000 - 0x00007ffce7c5e000 	c:\Users\sahus\.vscode\extensions\redhat.java-1.51.0-win32-x64\jre\21.0.9-win32-x86_64\bin\VCRUNTIME140.dll
0x00007ffccc1a0000 - 0x00007ffccc1b8000 	c:\Users\sahus\.vscode\extensions\redhat.java-1.51.0-win32-x64\jre\21.0.9-win32-x86_64\bin\jli.dll
0x00007ffcfe270000 - 0x00007ffcfe435000 	C:\WINDOWS\System32\USER32.dll
0x00007ffcfd610000 - 0x00007ffcfd637000 	C:\WINDOWS\System32\win32u.dll
0x00007ffcdce00000 - 0x00007ffcdd093000 	C:\WINDOWS\WinSxS\amd64_microsoft.windows.common-controls_6595b64144ccf1df_6.0.26100.7309_none_3e05feeae336a044\COMCTL32.dll
0x00007ffcfd790000 - 0x00007ffcfd7bb000 	C:\WINDOWS\System32\GDI32.dll
0x00007ffcfce10000 - 0x00007ffcfcf3c000 	C:\WINDOWS\System32\gdi32full.dll
0x00007ffcfdaf0000 - 0x00007ffcfdb99000 	C:\WINDOWS\System32\msvcrt.dll
0x00007ffcfcf40000 - 0x00007ffcfcfe3000 	C:\WINDOWS\System32\msvcp_win.dll
0x00007ffcfe9e0000 - 0x00007ffcfea11000 	C:\WINDOWS\System32\IMM32.DLL
0x00007ffceece0000 - 0x00007ffceecec000 	c:\Users\sahus\.vscode\extensions\redhat.java-1.51.0-win32-x64\jre\21.0.9-win32-x86_64\bin\vcruntime140_1.dll
0x00007ffc7ea50000 - 0x00007ffc7eadd000 	c:\Users\sahus\.vscode\extensions\redhat.java-1.51.0-win32-x64\jre\21.0.9-win32-x86_64\bin\msvcp140.dll
0x00007ffc464b0000 - 0x00007ffc47250000 	c:\Users\sahus\.vscode\extensions\redhat.java-1.51.0-win32-x64\jre\21.0.9-win32-x86_64\bin\server\jvm.dll
0x00007ffcfd6c0000 - 0x00007ffcfd774000 	C:\WINDOWS\System32\ADVAPI32.dll
0x00007ffcff7b0000 - 0x00007ffcff856000 	C:\WINDOWS\System32\sechost.dll
0x00007ffcff190000 - 0x00007ffcff2a8000 	C:\WINDOWS\System32\RPCRT4.dll
0x00007ffcff430000 - 0x00007ffcff4a4000 	C:\WINDOWS\System32\WS2_32.dll
0x00007ffcfc850000 - 0x00007ffcfc8ae000 	C:\WINDOWS\SYSTEM32\POWRPROF.dll
0x00007ffcf27e0000 - 0x00007ffcf2815000 	C:\WINDOWS\SYSTEM32\WINMM.dll
0x00007ffcf3570000 - 0x00007ffcf357b000 	C:\WINDOWS\SYSTEM32\VERSION.dll
0x00007ffcfc830000 - 0x00007ffcfc844000 	C:\WINDOWS\SYSTEM32\UMPDC.dll
0x00007ffcfb7a0000 - 0x00007ffcfb7bb000 	C:\WINDOWS\SYSTEM32\kernel.appcore.dll
0x00007ffce86e0000 - 0x00007ffce86ea000 	c:\Users\sahus\.vscode\extensions\redhat.java-1.51.0-win32-x64\jre\21.0.9-win32-x86_64\bin\jimage.dll
0x00007ffcef420000 - 0x00007ffcef662000 	C:\WINDOWS\SYSTEM32\DBGHELP.DLL
0x00007ffcfe4b0000 - 0x00007ffcfe836000 	C:\WINDOWS\System32\combase.dll
0x00007ffcfe060000 - 0x00007ffcfe136000 	C:\WINDOWS\System32\OLEAUT32.dll
0x00007ffcdb500000 - 0x00007ffcdb53c000 	C:\WINDOWS\SYSTEM32\dbgcore.DLL
0x00007ffcfcff0000 - 0x00007ffcfd095000 	C:\WINDOWS\System32\bcryptPrimitives.dll
0x00007ffce85b0000 - 0x00007ffce85bf000 	c:\Users\sahus\.vscode\extensions\redhat.java-1.51.0-win32-x64\jre\21.0.9-win32-x86_64\bin\instrument.dll
0x00007ffccc0f0000 - 0x00007ffccc110000 	c:\Users\sahus\.vscode\extensions\redhat.java-1.51.0-win32-x64\jre\21.0.9-win32-x86_64\bin\java.dll
0x00007ffcfea20000 - 0x00007ffcff173000 	C:\WINDOWS\System32\SHELL32.dll
0x00007ffcfd0a0000 - 0x00007ffcfd20a000 	C:\WINDOWS\System32\wintypes.dll
0x00007ffcfa5c0000 - 0x00007ffcfae1e000 	C:\WINDOWS\SYSTEM32\windows.storage.dll
0x00007ffcff330000 - 0x00007ffcff425000 	C:\WINDOWS\System32\SHCORE.dll
0x00007ffcfe440000 - 0x00007ffcfe4a6000 	C:\WINDOWS\System32\shlwapi.dll
0x00007ffcfc910000 - 0x00007ffcfc939000 	C:\WINDOWS\SYSTEM32\profapi.dll
0x00007ffcbedb0000 - 0x00007ffcbedc8000 	c:\Users\sahus\.vscode\extensions\redhat.java-1.51.0-win32-x64\jre\21.0.9-win32-x86_64\bin\zip.dll
0x00007ffce7c00000 - 0x00007ffce7c10000 	C:\Users\sahus\.vscode\extensions\redhat.java-1.51.0-win32-x64\jre\21.0.9-win32-x86_64\bin\net.dll
0x00007ffcf5470000 - 0x00007ffcf5598000 	C:\WINDOWS\SYSTEM32\WINHTTP.dll
0x00007ffcfbd10000 - 0x00007ffcfbd7b000 	C:\WINDOWS\system32\mswsock.dll
0x00007ffcbed90000 - 0x00007ffcbeda6000 	C:\Users\sahus\.vscode\extensions\redhat.java-1.51.0-win32-x64\jre\21.0.9-win32-x86_64\bin\nio.dll
0x00007ffce74f0000 - 0x00007ffce7500000 	c:\Users\sahus\.vscode\extensions\redhat.java-1.51.0-win32-x64\jre\21.0.9-win32-x86_64\bin\verify.dll
0x00007ffc9f0b0000 - 0x00007ffc9f0f4000 	C:\Users\sahus\AppData\Roaming\Code\User\globalStorage\redhat.java\1.51.0\config_ss_win\org.eclipse.equinox.launcher\org.eclipse.equinox.launcher.win32.win32.x86_64_1.2.1400.v20250801-0854\eclipse_11916.dll
0x00007ffcfe840000 - 0x00007ffcfe9d7000 	C:\WINDOWS\System32\ole32.dll
0x00007ffcfbfe0000 - 0x00007ffcfbffb000 	C:\WINDOWS\SYSTEM32\CRYPTSP.dll
0x00007ffcfb700000 - 0x00007ffcfb73a000 	C:\WINDOWS\system32\rsaenh.dll
0x00007ffcfbdc0000 - 0x00007ffcfbdeb000 	C:\WINDOWS\SYSTEM32\USERENV.dll
0x00007ffcfc8e0000 - 0x00007ffcfc90a000 	C:\WINDOWS\SYSTEM32\bcrypt.dll
0x00007ffcfbfd0000 - 0x00007ffcfbfdc000 	C:\WINDOWS\SYSTEM32\CRYPTBASE.dll
0x00007ffcfb220000 - 0x00007ffcfb254000 	C:\WINDOWS\SYSTEM32\IPHLPAPI.DLL
0x00007ffcff690000 - 0x00007ffcff69a000 	C:\WINDOWS\System32\NSI.dll
0x00007ffcd2f20000 - 0x00007ffcd2f69000 	C:\Users\sahus\AppData\Local\Temp\jna-109198328\jna12760780346823904610.dll
0x00007ffcfd780000 - 0x00007ffcfd788000 	C:\WINDOWS\System32\PSAPI.DLL

JVMTI agents:
c:\Users\sahus\.vscode\extensions\redhat.java-1.51.0-win32-x64\lombok\lombok-1.18.39-4050.jar path:c:\Users\sahus\.vscode\extensions\redhat.java-1.51.0-win32-x64\jre\21.0.9-win32-x86_64\bin\instrument.dll, loaded, initialized, instrumentlib options:none

dbghelp: loaded successfully - version: 4.0.5 - missing functions: none
symbol engine: initialized successfully - sym options: 0x614 - pdb path: .;c:\Users\sahus\.vscode\extensions\redhat.java-1.51.0-win32-x64\jre\21.0.9-win32-x86_64\bin;C:\WINDOWS\SYSTEM32;C:\WINDOWS\WinSxS\amd64_microsoft.windows.common-controls_6595b64144ccf1df_6.0.26100.7309_none_3e05feeae336a044;c:\Users\sahus\.vscode\extensions\redhat.java-1.51.0-win32-x64\jre\21.0.9-win32-x86_64\bin\server;C:\Users\sahus\AppData\Roaming\Code\User\globalStorage\redhat.java\1.51.0\config_ss_win\org.eclipse.equinox.launcher\org.eclipse.equinox.launcher.win32.win32.x86_64_1.2.1400.v20250801-0854;C:\Users\sahus\AppData\Local\Temp\jna-109198328

VM Arguments:
jvm_args: --add-modules=ALL-SYSTEM --add-opens=java.base/java.util=ALL-UNNAMED --add-opens=java.base/java.lang=ALL-UNNAMED --add-opens=java.base/sun.nio.fs=ALL-UNNAMED -Declipse.application=org.eclipse.jdt.ls.core.id1 -Dosgi.bundles.defaultStartLevel=4 -Declipse.product=org.eclipse.jdt.ls.core.product -Djava.import.generatesMetadataFilesAtProjectRoot=false -DDetectVMInstallationsJob.disabled=true -Dfile.encoding=utf8 -XX:+UseParallelGC -XX:GCTimeRatio=4 -XX:AdaptiveSizePolicyWeight=90 -Dsun.zip.disableMemoryMapping=true -Xmx2G -Xms100m -Xlog:disable -javaagent:c:\Users\sahus\.vscode\extensions\redhat.java-1.51.0-win32-x64\lombok\lombok-1.18.39-4050.jar 
java_command: c:\Users\sahus\.vscode\extensions\redhat.java-1.51.0-win32-x64\server\plugins\org.eclipse.equinox.launcher_1.7.100.v20251111-0406.jar -configuration c:\Users\sahus\AppData\Roaming\Code\User\globalStorage\redhat.java\1.51.0\config_ss_win -data c:\Users\sahus\AppData\Roaming\Code\User\workspaceStorage\53b74907799b5c5769282f4ad7593f11\redhat.java\ss_ws --pipe=\\.\pipe\lsp-d2d39449f71a960c1406d7be95eaedeb-sock
java_class_path (initial): c:\Users\sahus\.vscode\extensions\redhat.java-1.51.0-win32-x64\server\plugins\org.eclipse.equinox.launcher_1.7.100.v20251111-0406.jar
Launcher Type: SUN_STANDARD

[Global flags]
    uintx AdaptiveSizePolicyWeight                 = 90                                        {product} {command line}
     intx CICompilerCount                          = 12                                        {product} {ergonomic}
    uintx GCTimeRatio                              = 4                                         {product} {command line}
   size_t InitialHeapSize                          = 104857600                                 {product} {command line}
   size_t MaxHeapSize                              = 2147483648                                {product} {command line}
   size_t MaxNewSize                               = 715653120                                 {product} {ergonomic}
   size_t MinHeapDeltaBytes                        = 524288                                    {product} {ergonomic}
   size_t MinHeapSize                              = 104857600                                 {product} {command line}
   size_t NewSize                                  = 34603008                                  {product} {ergonomic}
    uintx NonNMethodCodeHeapSize                   = 7602480                                {pd product} {ergonomic}
    uintx NonProfiledCodeHeapSize                  = 122027880                              {pd product} {ergonomic}
   size_t OldSize                                  = 70254592                                  {product} {ergonomic}
    uintx ProfiledCodeHeapSize                     = 122027880                              {pd product} {ergonomic}
    uintx ReservedCodeCacheSize                    = 251658240                              {pd product} {ergonomic}
     bool SegmentedCodeCache                       = true                                      {product} {ergonomic}
   size_t SoftMaxHeapSize                          = 2147483648                             {manageable} {ergonomic}
     bool UseCompressedOops                        = true                           {product lp64_product} {ergonomic}
     bool UseLargePagesIndividualAllocation        = false                                  {pd product} {ergonomic}
     bool UseParallelGC                            = true                                      {product} {command line}

Logging:
Log output configuration:
 #0: stdout all=off uptime,level,tags foldmultilines=false
 #1: stderr all=off uptime,level,tags foldmultilines=false

Release file:
JAVA_VERSION="21.0.9" 
MODULES="java.base java.compiler java.datatransfer java.xml java.prefs java.desktop java.instrument java.logging java.management java.security.sasl java.naming java.rmi java.management.rmi java.net.http java.scripting java.security.jgss java.transaction.xa java.sql java.sql.rowset java.xml.crypto java.se java.smartcardio jdk.accessibility jdk.internal.jvmstat jdk.attach jdk.charsets jdk.internal.opt jdk.zipfs jdk.compiler jdk.crypto.ec jdk.crypto.cryptoki jdk.crypto.mscapi jdk.dynalink jdk.internal.ed jdk.editpad jdk.hotspot.agent jdk.httpserver jdk.internal.le jdk.internal.vm.ci jdk.internal.vm.compiler jdk.internal.vm.compiler.management jdk.jartool jdk.javadoc jdk.jcmd jdk.management jdk.management.agent jdk.jconsole jdk.jdeps jdk.jdwp.agent jdk.jdi jdk.jfr jdk.jshell jdk.jsobject jdk.jstatd jdk.localedata jdk.management.jfr jdk.naming.dns jdk.naming.rmi jdk.net jdk.nio.mapmode jdk.random jdk.sctp jdk.security.auth jdk.security.jgss jdk.unsupported jdk.unsupported.desktop jdk.xml.dom" 

Environment Variables:
PATH=C:\Program Files\Common Files\Oracle\Java\javapath;C:\Program Files (x86)\Common Files\Intel\Shared Libraries\redist\intel64\compiler;C:\windows\system32;C:\windows;C:\windows\System32\Wbem;C:\windows\System32\WindowsPowerShell\v1.0\;C:\windows\System32\OpenSSH\;C:\Program Files (x86)\NVIDIA Corporation\PhysX\Common;C:\Program Files\NVIDIA Corporation\NVIDIA NvDLISR;C:\Program Files\HP\HP One Agent;C:\Program Files\dotnet\;D:\java\bin;C:\Program Files\Git\cmd;C:\WINDOWS\system32;C:\WINDOWS;C:\WINDOWS\System32\Wbem;C:\WINDOWS\System32\WindowsPowerShell\v1.0\;C:\WINDOWS\System32\OpenSSH\;C:\Program Files\nodejs\;C:\Program Files\Docker\Docker\resources\bin;C:\Program Files\MySQL\MySQL Shell 8.0\bin\;C:\Users\sahus\AppData\Local\Programs\Python\Python313\Scripts\;C:\Users\sahus\AppData\Local\Programs\Python\Python313\;C:\Users\sahus\AppData\Local\Microsoft\WindowsApps;C:\MinGW\bin;C:\Users\sahus\AppData\Local\Programs\Microsoft VS Code\bin;C:\Users\sahus\.dotnet\tools;C:\Program Files\JetBrains\IntelliJ IDEA Community Edition 2024.3.5\bin;;C:\ProgramData\sahus\GitHubDesktop\bin;C:\Users\sahus\AppData\Local\GitHubDesktop\bin;C:\Program Files\apache-maven-3.9.10\bin;C:\Program Files\PostgreSQL\17\bin;C:\Program Files\MySQL\MySQL Server 8.0\bin;C:\Users\sahus\AppData\Roaming\npm
USERNAME=sahus
OS=Windows_NT
PROCESSOR_IDENTIFIER=AMD64 Family 25 Model 80 Stepping 0, AuthenticAMD
TMP=C:\Users\sahus\AppData\Local\Temp
TEMP=C:\Users\sahus\AppData\Local\Temp




Periodic native trim disabled

---------------  S Y S T E M  ---------------

OS:
 Windows 11 , 64 bit Build 26100 (10.0.26100.7623)
OS uptime: 0 days 2:06 hours
Hyper-V role detected

CPU: total 16 (initial active 16) (16 cores per cpu, 2 threads per core) family 25 model 80 stepping 0 microcode 0xa500014, cx8, cmov, fxsr, ht, mmx, 3dnowpref, sse, sse2, sse3, ssse3, sse4a, sse4.1, sse4.2, popcnt, lzcnt, tsc, tscinvbit, avx, avx2, aes, erms, clmul, bmi1, bmi2, adx, sha, fma, vzeroupper, clflush, clflushopt, hv, rdtscp, rdpid, fsrm, f16c, cet_ss
Processor Information for the first 16 processors :
  Max Mhz: 3201, Current Mhz: 3201, Mhz Limit: 3201

Memory: 4k page, system-wide physical 15709M (4828M free)
TotalPageFile size 15709M (AvailPageFile size 7M)
current process WorkingSet (physical memory assigned to process): 159M, peak: 161M
current process commit charge ("private bytes"): 308M, peak: 312M

vm_info: OpenJDK 64-Bit Server VM (21.0.9+10-LTS) for windows-amd64 JRE (21.0.9+10-LTS), built on 2025-10-21T00:00:00Z by "admin" with unknown MS VC++:1942

END.
